// This output was generated by a run with the script ./slurm_script_perlmutter.sh
// on Feb. 18, 2025
Creating app object ...
Starting main loop ...
Taking time-step at t = 0 mus ... dt = 0.00877056 mus
Taking time-step at t = 0.871549 mus ... dt = 0.00880681 mus
Taking time-step at t = 1.75223 mus ... dt = 0.00880681 mus
Taking time-step at t = 2.63291 mus ... dt = 0.00880681 mus
Taking time-step at t = 3.51359 mus ... dt = 0.00880681 mus
Taking time-step at t = 4.39427 mus ... dt = 0.00880681 mus
Taking time-step at t = 5.27495 mus ... dt = 0.00880681 mus
Taking time-step at t = 6.15563 mus ... dt = 0.00880681 mus
Taking time-step at t = 7.03631 mus ... dt = 0.00880681 mus
Taking time-step at t = 7.917 mus ... dt = 0.00880681 mus
Taking time-step at t = 8.79768 mus ... dt = 0.00880681 mus
Taking time-step at t = 9.67836 mus ... dt = 0.00880681 mus
Taking time-step at t = 10.559 mus ... dt = 0.00880681 mus
Taking time-step at t = 11.4397 mus ... dt = 0.00880681 mus
Taking time-step at t = 12.3204 mus ... dt = 0.00880681 mus
Taking time-step at t = 13.2011 mus ... dt = 0.00880681 mus
Taking time-step at t = 14.0818 mus ... dt = 0.00880681 mus
Taking time-step at t = 14.9624 mus ... dt = 0.00880681 mus
Taking time-step at t = 15.8431 mus ... dt = 0.00880681 mus
Taking time-step at t = 16.7238 mus ... dt = 0.00880681 mus
Taking time-step at t = 17.6045 mus ... dt = 0.00880681 mus
Taking time-step at t = 18.4852 mus ... dt = 0.00880681 mus
Taking time-step at t = 19.3658 mus ... dt = 0.00880681 mus
Taking time-step at t = 20.2465 mus ... dt = 0.00880681 mus
Taking time-step at t = 21.1272 mus ... dt = 0.00880681 mus
Taking time-step at t = 22.0079 mus ... dt = 0.00880681 mus
Taking time-step at t = 22.8886 mus ... dt = 0.00880681 mus
Taking time-step at t = 23.7692 mus ... dt = 0.00880681 mus
Taking time-step at t = 24.6499 mus ... dt = 0.00880681 mus
Taking time-step at t = 25.5296 mus ... dt = 0.00871873 mus
Taking time-step at t = 26.4014 mus ... dt = 0.00871873 mus
Taking time-step at t = 27.2733 mus ... dt = 0.00871873 mus
Taking time-step at t = 28.1452 mus ... dt = 0.00871873 mus
Taking time-step at t = 29.017 mus ... dt = 0.00871873 mus
Taking time-step at t = 29.8889 mus ... dt = 0.00871873 mus
Taking time-step at t = 30.7608 mus ... dt = 0.00871873 mus
Taking time-step at t = 31.6327 mus ... dt = 0.00871873 mus
Taking time-step at t = 32.5045 mus ... dt = 0.00871873 mus
Taking time-step at t = 33.3764 mus ... dt = 0.00871873 mus
Taking time-step at t = 34.2483 mus ... dt = 0.00871873 mus
Taking time-step at t = 35.1202 mus ... dt = 0.00871873 mus
Taking time-step at t = 35.992 mus ... dt = 0.00871873 mus
Taking time-step at t = 36.8639 mus ... dt = 0.00871873 mus
Taking time-step at t = 37.7358 mus ... dt = 0.00871873 mus
Taking time-step at t = 38.6076 mus ... dt = 0.00871873 mus
Taking time-step at t = 39.4795 mus ... dt = 0.00871873 mus
Taking time-step at t = 40.3514 mus ... dt = 0.00871873 mus
Taking time-step at t = 41.2233 mus ... dt = 0.00871873 mus
Taking time-step at t = 42.0894 mus ... dt = 0.00863156 mus
Taking time-step at t = 42.9525 mus ... dt = 0.00863156 mus
Taking time-step at t = 43.8157 mus ... dt = 0.00863156 mus
Taking time-step at t = 44.6789 mus ... dt = 0.00863156 mus
Taking time-step at t = 45.542 mus ... dt = 0.00863156 mus
Taking time-step at t = 46.4052 mus ... dt = 0.00863156 mus
Taking time-step at t = 47.2683 mus ... dt = 0.00863156 mus
Taking time-step at t = 48.1315 mus ... dt = 0.00863156 mus
Taking time-step at t = 48.9946 mus ... dt = 0.00863156 mus
Taking time-step at t = 49.8578 mus ... dt = 0.00863156 mus
Taking time-step at t = 50.7209 mus ... dt = 0.00863156 mus
Taking time-step at t = 51.5841 mus ... dt = 0.00863156 mus
Taking time-step at t = 52.4473 mus ... dt = 0.00863156 mus
Taking time-step at t = 53.3104 mus ... dt = 0.00863156 mus
Taking time-step at t = 54.1736 mus ... dt = 0.00863156 mus
Taking time-step at t = 55.0367 mus ... dt = 0.00863156 mus
Taking time-step at t = 55.8999 mus ... dt = 0.00863156 mus
Taking time-step at t = 56.763 mus ... dt = 0.00863156 mus
Taking time-step at t = 57.6262 mus ... dt = 0.00863156 mus
Taking time-step at t = 58.4894 mus ... dt = 0.00863156 mus
Taking time-step at t = 59.3525 mus ... dt = 0.00863156 mus
Taking time-step at t = 60.2157 mus ... dt = 0.00863156 mus
Taking time-step at t = 61.0776 mus ... dt = 0.00854525 mus
Taking time-step at t = 61.9321 mus ... dt = 0.00854525 mus
Taking time-step at t = 62.7867 mus ... dt = 0.00854525 mus
Taking time-step at t = 63.6412 mus ... dt = 0.00854525 mus
Taking time-step at t = 64.4957 mus ... dt = 0.00854525 mus
Taking time-step at t = 65.3502 mus ... dt = 0.00854525 mus
Taking time-step at t = 66.2048 mus ... dt = 0.00854525 mus
Taking time-step at t = 67.0593 mus ... dt = 0.00854525 mus
Taking time-step at t = 67.9138 mus ... dt = 0.00854525 mus
Taking time-step at t = 68.7683 mus ... dt = 0.00854525 mus
Taking time-step at t = 69.6229 mus ... dt = 0.00854525 mus
Taking time-step at t = 70.4774 mus ... dt = 0.00854525 mus
Taking time-step at t = 71.3319 mus ... dt = 0.00854525 mus
Taking time-step at t = 72.1864 mus ... dt = 0.00854525 mus
Taking time-step at t = 73.041 mus ... dt = 0.00854525 mus
Taking time-step at t = 73.8955 mus ... dt = 0.00854525 mus
Taking time-step at t = 74.75 mus ... dt = 0.00854525 mus
Taking time-step at t = 75.6045 mus ... dt = 0.00854525 mus
Taking time-step at t = 76.4591 mus ... dt = 0.00854525 mus
Taking time-step at t = 77.3136 mus ... dt = 0.00854525 mus
Taking time-step at t = 78.1681 mus ... dt = 0.00854525 mus
Taking time-step at t = 79.0226 mus ... dt = 0.00854525 mus
Taking time-step at t = 79.8772 mus ... dt = 0.00854525 mus
Taking time-step at t = 80.7317 mus ... dt = 0.00854525 mus
Taking time-step at t = 81.5862 mus ... dt = 0.00854525 mus
Taking time-step at t = 82.4407 mus ... dt = 0.00854525 mus
Taking time-step at t = 83.2953 mus ... dt = 0.00854525 mus
Taking time-step at t = 84.1498 mus ... dt = 0.00854525 mus
Taking time-step at t = 85.0043 mus ... dt = 0.00854525 mus
Taking time-step at t = 85.8588 mus ... dt = 0.00854525 mus
Taking time-step at t = 86.7134 mus ... dt = 0.00854525 mus
Taking time-step at t = 87.5679 mus ... dt = 0.00854525 mus
Taking time-step at t = 88.4224 mus ... dt = 0.00854525 mus
Taking time-step at t = 89.2769 mus ... dt = 0.00854525 mus
Taking time-step at t = 90.1315 mus ... dt = 0.00854525 mus
Taking time-step at t = 90.986 mus ... dt = 0.00854525 mus
Taking time-step at t = 91.8405 mus ... dt = 0.00854525 mus
Taking time-step at t = 92.695 mus ... dt = 0.00854525 mus
Taking time-step at t = 93.5496 mus ... dt = 0.00854525 mus
Taking time-step at t = 94.4007 mus ... dt = 0.00845979 mus
Taking time-step at t = 95.2466 mus ... dt = 0.00845979 mus
Taking time-step at t = 96.0926 mus ... dt = 0.00845979 mus
Taking time-step at t = 96.9386 mus ... dt = 0.00845979 mus
Taking time-step at t = 97.7846 mus ... dt = 0.00845979 mus
Taking time-step at t = 98.6306 mus ... dt = 0.00845979 mus
Taking time-step at t = 99.4765 mus ... dt = 0.00845979 mus
Taking time-step at t = 100.323 mus ... dt = 0.00845979 mus
Taking time-step at t = 101.168 mus ... dt = 0.00845979 mus
Taking time-step at t = 102.014 mus ... dt = 0.00845979 mus
Taking time-step at t = 102.86 mus ... dt = 0.00845979 mus
Taking time-step at t = 103.706 mus ... dt = 0.00845979 mus
Taking time-step at t = 104.552 mus ... dt = 0.00845979 mus
Taking time-step at t = 105.398 mus ... dt = 0.00845979 mus
Taking time-step at t = 106.244 mus ... dt = 0.00845979 mus
Taking time-step at t = 107.09 mus ... dt = 0.00845979 mus
Taking time-step at t = 107.936 mus ... dt = 0.00845979 mus
Taking time-step at t = 108.782 mus ... dt = 0.00845979 mus
Taking time-step at t = 109.628 mus ... dt = 0.00845979 mus
Taking time-step at t = 110.474 mus ... dt = 0.00845979 mus
Taking time-step at t = 111.32 mus ... dt = 0.00845979 mus
Taking time-step at t = 112.166 mus ... dt = 0.00845979 mus
Taking time-step at t = 113.012 mus ... dt = 0.00845979 mus
Taking time-step at t = 113.858 mus ... dt = 0.00845979 mus
Taking time-step at t = 114.704 mus ... dt = 0.00845979 mus
Taking time-step at t = 115.55 mus ... dt = 0.00845979 mus
Taking time-step at t = 116.396 mus ... dt = 0.00845979 mus
Taking time-step at t = 117.242 mus ... dt = 0.00845979 mus
Taking time-step at t = 118.088 mus ... dt = 0.00845979 mus
Taking time-step at t = 118.934 mus ... dt = 0.00846227 mus
Taking time-step at t = 119.78 mus ... dt = 0.00846227 mus
Taking time-step at t = 120.627 mus ... dt = 0.00846227 mus
Taking time-step at t = 121.473 mus ... dt = 0.00846227 mus
Taking time-step at t = 122.319 mus ... dt = 0.00846227 mus
Taking time-step at t = 123.165 mus ... dt = 0.00846227 mus
Taking time-step at t = 124.011 mus ... dt = 0.00846227 mus
Taking time-step at t = 124.858 mus ... dt = 0.00846227 mus
Taking time-step at t = 125.704 mus ... dt = 0.00846227 mus
Taking time-step at t = 126.55 mus ... dt = 0.00846227 mus
Taking time-step at t = 127.396 mus ... dt = 0.00846227 mus
Taking time-step at t = 128.243 mus ... dt = 0.00846227 mus
Taking time-step at t = 129.089 mus ... dt = 0.00846227 mus
Taking time-step at t = 129.935 mus ... dt = 0.00846227 mus
Taking time-step at t = 130.781 mus ... dt = 0.00846227 mus
Taking time-step at t = 131.628 mus ... dt = 0.00846227 mus
Taking time-step at t = 132.474 mus ... dt = 0.00846227 mus
Taking time-step at t = 133.32 mus ... dt = 0.00846227 mus
Taking time-step at t = 134.166 mus ... dt = 0.00846227 mus
Taking time-step at t = 135.012 mus ... dt = 0.00846227 mus
Taking time-step at t = 135.859 mus ... dt = 0.00846227 mus
Taking time-step at t = 136.705 mus ... dt = 0.00846227 mus
Taking time-step at t = 137.551 mus ... dt = 0.00846227 mus
Taking time-step at t = 138.397 mus ... dt = 0.00846227 mus
Taking time-step at t = 139.244 mus ... dt = 0.00846227 mus
Taking time-step at t = 140.09 mus ... dt = 0.00846227 mus
Taking time-step at t = 140.936 mus ... dt = 0.00846227 mus
Taking time-step at t = 141.782 mus ... dt = 0.00846227 mus
Taking time-step at t = 142.628 mus ... dt = 0.00846227 mus
Taking time-step at t = 143.475 mus ... dt = 0.00846227 mus
Taking time-step at t = 144.321 mus ... dt = 0.00846227 mus
Taking time-step at t = 145.167 mus ... dt = 0.00846227 mus
Taking time-step at t = 146.013 mus ... dt = 0.00846227 mus
Taking time-step at t = 146.86 mus ... dt = 0.00846227 mus
Taking time-step at t = 147.706 mus ... dt = 0.00846227 mus
Taking time-step at t = 148.552 mus ... dt = 0.00846227 mus
Taking time-step at t = 149.398 mus ... dt = 0.00846227 mus
Taking time-step at t = 150.244 mus ... dt = 0.00846227 mus
Taking time-step at t = 151.091 mus ... dt = 0.00846227 mus
Taking time-step at t = 151.937 mus ... dt = 0.00846227 mus
Taking time-step at t = 152.783 mus ... dt = 0.00846227 mus
Taking time-step at t = 153.629 mus ... dt = 0.00846227 mus
Taking time-step at t = 154.476 mus ... dt = 0.00846227 mus
Taking time-step at t = 155.322 mus ... dt = 0.00846227 mus
Taking time-step at t = 156.168 mus ... dt = 0.00846227 mus
Taking time-step at t = 157.014 mus ... dt = 0.00846227 mus
Taking time-step at t = 157.854 mus ... dt = 0.0083823 mus
Taking time-step at t = 158.692 mus ... dt = 0.0083867 mus
Taking time-step at t = 159.531 mus ... dt = 0.0083867 mus
Taking time-step at t = 160.37 mus ... dt = 0.0083867 mus
Taking time-step at t = 161.208 mus ... dt = 0.0083867 mus
Taking time-step at t = 162.047 mus ... dt = 0.0083867 mus
Taking time-step at t = 162.886 mus ... dt = 0.0083867 mus
Taking time-step at t = 163.724 mus ... dt = 0.0083867 mus
Taking time-step at t = 164.563 mus ... dt = 0.0083867 mus
